# JRE version: Java(TM) SE Runtime Environment (17.0.12+8) (build 17.0.12+8-LTS-286)
# Java VM: Java HotSpot(TM) 64-Bit Server VM (17.0.12+8-LTS-286, mixed mode, sharing, tiered, compressed oops, compressed class ptrs, g1 gc, windows-amd64)
GC Precious Log:
 CPUs: 8 total, 8 available
 Memory: 7908M
 Large Page Support: Disabled
 NUMA Support: Disabled
 Compressed Oops: Enabled (32-bit)
 Heap Region Size: 1M
 Heap Min Capacity: 8M
 Heap Initial Capacity: 124M
 Heap Max Capacity: 1978M
 Pre-touch: Disabled
 Parallel Workers: 8
 Concurrent Workers: 2
 Concurrent Refinement Workers: 8
 Periodic GC: Disabled
Heap:
 garbage-first heap   total 152576K, used 50044K [0x0000000084600000, 0x0000000100000000)
  region size 1024K, 24 young (24576K), 2 survivors (2048K)
 Metaspace       used 26002K, committed 26368K, reserved 1114112K
  class space    used 2987K, committed 3136K, reserved 1048576K
GC Heap History (16 events):
Event: 2.000 GC heap before
{Heap before GC invocations=0 (full 0):
 garbage-first heap   total 126976K, used 22528K [0x0000000084600000, 0x0000000100000000)
  region size 1024K, 23 young (23552K), 0 survivors (0K)
 Metaspace       used 5507K, committed 5696K, reserved 1114112K
  class space    used 665K, committed 768K, reserved 1048576K
}
Event: 2.014 GC heap after
{Heap after GC invocations=1 (full 0):
 garbage-first heap   total 126976K, used 3707K [0x0000000084600000, 0x0000000100000000)
  region size 1024K, 3 young (3072K), 3 survivors (3072K)
 Metaspace       used 5507K, committed 5696K, reserved 1114112K
  class space    used 665K, committed 768K, reserved 1048576K
}
Event: 4.116 GC heap before
{Heap before GC invocations=1 (full 0):
 garbage-first heap   total 126976K, used 34427K [0x0000000084600000, 0x0000000100000000)
  region size 1024K, 33 young (33792K), 3 survivors (3072K)
 Metaspace       used 9989K, committed 10112K, reserved 1114112K
  class space    used 1218K, committed 1280K, reserved 1048576K
}
Event: 4.131 GC heap after
{Heap after GC invocations=2 (full 0):
 garbage-first heap   total 126976K, used 5423K [0x0000000084600000, 0x0000000100000000)
  region size 1024K, 2 young (2048K), 2 survivors (2048K)
 Metaspace       used 9989K, committed 10112K, reserved 1114112K
  class space    used 1218K, committed 1280K, reserved 1048576K
}
Event: 10.699 GC heap before
{Heap before GC invocations=2 (full 0):
 garbage-first heap   total 126976K, used 79151K [0x0000000084600000, 0x0000000100000000)
  region size 1024K, 74 young (75776K), 2 survivors (2048K)
 Metaspace       used 15658K, committed 15872K, reserved 1114112K
  class space    used 1858K, committed 1920K, reserved 1048576K
}
Event: 10.978 GC heap after
{Heap after GC invocations=3 (full 0):
 garbage-first heap   total 126976K, used 13418K [0x0000000084600000, 0x0000000100000000)
  region size 1024K, 10 young (10240K), 10 survivors (10240K)
 Metaspace       used 15658K, committed 15872K, reserved 1114112K
  class space    used 1858K, committed 1920K, reserved 1048576K
}
Event: 15.551 GC heap before
{Heap before GC invocations=3 (full 0):
 garbage-first heap   total 126976K, used 64618K [0x0000000084600000, 0x0000000100000000)
  region size 1024K, 60 young (61440K), 10 survivors (10240K)
 Metaspace       used 16154K, committed 16320K, reserved 1114112K
  class space    used 1867K, committed 1920K, reserved 1048576K
}
Event: 16.203 GC heap after
{Heap after GC invocations=4 (full 0):
 garbage-first heap   total 126976K, used 16703K [0x0000000084600000, 0x0000000100000000)
  region size 1024K, 4 young (4096K), 4 survivors (4096K)
 Metaspace       used 16154K, committed 16320K, reserved 1114112K
  class space    used 1867K, committed 1920K, reserved 1048576K
}
Event: 24.236 GC heap before
{Heap before GC invocations=4 (full 0):
 garbage-first heap   total 126976K, used 38207K [0x0000000084600000, 0x0000000100000000)
  region size 1024K, 25 young (25600K), 4 survivors (4096K)
 Metaspace       used 16311K, committed 16576K, reserved 1114112K
  class space    used 1868K, committed 1984K, reserved 1048576K
}
Event: 24.412 GC heap after
{Heap after GC invocations=5 (full 0):
 garbage-first heap   total 126976K, used 18343K [0x0000000084600000, 0x0000000100000000)
  region size 1024K, 2 young (2048K), 2 survivors (2048K)
 Metaspace       used 16311K, committed 16576K, reserved 1114112K
  class space    used 1868K, committed 1984K, reserved 1048576K
}
Event: 38.517 GC heap before
{Heap before GC invocations=5 (full 0):
 garbage-first heap   total 126976K, used 60327K [0x0000000084600000, 0x0000000100000000)
  region size 1024K, 43 young (44032K), 2 survivors (2048K)
 Metaspace       used 20053K, committed 20352K, reserved 1114112K
  class space    used 2295K, committed 2432K, reserved 1048576K
}
Event: 38.531 GC heap after
{Heap after GC invocations=6 (full 0):
 garbage-first heap   total 126976K, used 20992K [0x0000000084600000, 0x0000000100000000)
  region size 1024K, 4 young (4096K), 4 survivors (4096K)
 Metaspace       used 20053K, committed 20352K, reserved 1114112K
  class space    used 2295K, committed 2432K, reserved 1048576K
}
Event: 40.756 GC heap before
{Heap before GC invocations=6 (full 0):
 garbage-first heap   total 126976K, used 42496K [0x0000000084600000, 0x0000000100000000)
  region size 1024K, 21 young (21504K), 4 survivors (4096K)
 Metaspace       used 21167K, committed 21504K, reserved 1114112K
  class space    used 2444K, committed 2624K, reserved 1048576K
}
Event: 40.894 GC heap after
{Heap after GC invocations=7 (full 0):
 garbage-first heap   total 126976K, used 28226K [0x0000000084600000, 0x0000000100000000)
  region size 1024K, 6 young (6144K), 6 survivors (6144K)
 Metaspace       used 21167K, committed 21504K, reserved 1114112K
  class space    used 2444K, committed 2624K, reserved 1048576K
}
Event: 41.357 GC heap before
{Heap before GC invocations=8 (full 0):
 garbage-first heap   total 99328K, used 30274K [0x0000000084600000, 0x0000000100000000)
  region size 1024K, 9 young (9216K), 6 survivors (6144K)
 Metaspace       used 25544K, committed 25792K, reserved 1114112K
  class space    used 2950K, committed 3072K, reserved 1048576K
}
Event: 41.389 GC heap after
{Heap after GC invocations=9 (full 0):
 garbage-first heap   total 152576K, used 27516K [0x0000000084600000, 0x0000000100000000)
  region size 1024K, 2 young (2048K), 2 survivors (2048K)
 Metaspace       used 25544K, committed 25792K, reserved 1114112K
  class space    used 2950K, committed 3072K, reserved 1048576K
}

