# JRE version: Java(TM) SE Runtime Environment (17.0.12+8) (build 17.0.12+8-LTS-286)
# Java VM: Java HotSpot(TM) 64-Bit Server VM (17.0.12+8-LTS-286, mixed mode, sharing, tiered, compressed oops, compressed class ptrs, g1 gc, windows-amd64)
GC Precious Log:
 CPUs: 8 total, 8 available
 Memory: 7908M
 Large Page Support: Disabled
 NUMA Support: Disabled
 Compressed Oops: Enabled (32-bit)
 Heap Region Size: 1M
 Heap Min Capacity: 8M
 Heap Initial Capacity: 124M
 Heap Max Capacity: 1978M
 Pre-touch: Disabled
 Parallel Workers: 8
 Concurrent Workers: 2
 Concurrent Refinement Workers: 8
 Periodic GC: Disabled
Heap:
 garbage-first heap   total 115712K, used 73216K [0x0000000084600000, 0x0000000100000000)
  region size 1024K, 22 young (22528K), 1 survivors (1024K)
 Metaspace       used 26786K, committed 27072K, reserved 1114112K
  class space    used 3053K, committed 3200K, reserved 1048576K
GC Heap History (16 events):
Event: 10.317 GC heap before
{Heap before GC invocations=0 (full 0):
 garbage-first heap   total 126976K, used 22528K [0x0000000084600000, 0x0000000100000000)
  region size 1024K, 23 young (23552K), 0 survivors (0K)
 Metaspace       used 5512K, committed 5696K, reserved 1114112K
  class space    used 663K, committed 768K, reserved 1048576K
}
Event: 10.326 GC heap after
{Heap after GC invocations=1 (full 0):
 garbage-first heap   total 126976K, used 3672K [0x0000000084600000, 0x0000000100000000)
  region size 1024K, 3 young (3072K), 3 survivors (3072K)
 Metaspace       used 5512K, committed 5696K, reserved 1114112K
  class space    used 663K, committed 768K, reserved 1048576K
}
Event: 12.316 GC heap before
{Heap before GC invocations=1 (full 0):
 garbage-first heap   total 126976K, used 35416K [0x0000000084600000, 0x0000000100000000)
  region size 1024K, 34 young (34816K), 3 survivors (3072K)
 Metaspace       used 10255K, committed 10432K, reserved 1114112K
  class space    used 1251K, committed 1344K, reserved 1048576K
}
Event: 12.326 GC heap after
{Heap after GC invocations=2 (full 0):
 garbage-first heap   total 126976K, used 6032K [0x0000000084600000, 0x0000000100000000)
  region size 1024K, 3 young (3072K), 3 survivors (3072K)
 Metaspace       used 10255K, committed 10432K, reserved 1114112K
  class space    used 1251K, committed 1344K, reserved 1048576K
}
Event: 20.864 GC heap before
{Heap before GC invocations=2 (full 0):
 garbage-first heap   total 126976K, used 78736K [0x0000000084600000, 0x0000000100000000)
  region size 1024K, 74 young (75776K), 3 survivors (3072K)
 Metaspace       used 15651K, committed 15808K, reserved 1114112K
  class space    used 1855K, committed 1920K, reserved 1048576K
}
Event: 20.890 GC heap after
{Heap after GC invocations=3 (full 0):
 garbage-first heap   total 126976K, used 13556K [0x0000000084600000, 0x0000000100000000)
  region size 1024K, 10 young (10240K), 10 survivors (10240K)
 Metaspace       used 15651K, committed 15808K, reserved 1114112K
  class space    used 1855K, committed 1920K, reserved 1048576K
}
Event: 24.503 GC heap before
{Heap before GC invocations=3 (full 0):
 garbage-first heap   total 126976K, used 79092K [0x0000000084600000, 0x0000000100000000)
  region size 1024K, 74 young (75776K), 10 survivors (10240K)
 Metaspace       used 16218K, committed 16448K, reserved 1114112K
  class space    used 1867K, committed 1920K, reserved 1048576K
}
Event: 24.526 GC heap after
{Heap after GC invocations=4 (full 0):
 garbage-first heap   total 126976K, used 18010K [0x0000000084600000, 0x0000000100000000)
  region size 1024K, 5 young (5120K), 5 survivors (5120K)
 Metaspace       used 16218K, committed 16448K, reserved 1114112K
  class space    used 1867K, committed 1920K, reserved 1048576K
}
Event: 28.223 GC heap before
{Heap before GC invocations=4 (full 0):
 garbage-first heap   total 126976K, used 89690K [0x0000000084600000, 0x0000000100000000)
  region size 1024K, 74 young (75776K), 5 survivors (5120K)
 Metaspace       used 20089K, committed 20352K, reserved 1114112K
  class space    used 2290K, committed 2432K, reserved 1048576K
}
Event: 28.237 GC heap after
{Heap after GC invocations=5 (full 0):
 garbage-first heap   total 126976K, used 24122K [0x0000000084600000, 0x0000000100000000)
  region size 1024K, 10 young (10240K), 10 survivors (10240K)
 Metaspace       used 20089K, committed 20352K, reserved 1114112K
  class space    used 2290K, committed 2432K, reserved 1048576K
}
Event: 28.506 GC heap before
{Heap before GC invocations=5 (full 0):
 garbage-first heap   total 126976K, used 37434K [0x0000000084600000, 0x0000000100000000)
  region size 1024K, 20 young (20480K), 10 survivors (10240K)
 Metaspace       used 21187K, committed 21504K, reserved 1114112K
  class space    used 2446K, committed 2624K, reserved 1048576K
}
Event: 28.523 GC heap after
{Heap after GC invocations=6 (full 0):
 garbage-first heap   total 126976K, used 28888K [0x0000000084600000, 0x0000000100000000)
  region size 1024K, 4 young (4096K), 4 survivors (4096K)
 Metaspace       used 21187K, committed 21504K, reserved 1114112K
  class space    used 2446K, committed 2624K, reserved 1048576K
}
Event: 30.188 GC heap before
{Heap before GC invocations=7 (full 0):
 garbage-first heap   total 102400K, used 89304K [0x0000000084600000, 0x0000000100000000)
  region size 1024K, 59 young (60416K), 4 survivors (4096K)
 Metaspace       used 26207K, committed 26496K, reserved 1114112K
  class space    used 3014K, committed 3136K, reserved 1048576K
}
Event: 30.226 GC heap after
{Heap after GC invocations=8 (full 0):
 garbage-first heap   total 115712K, used 51416K [0x0000000084600000, 0x0000000100000000)
  region size 1024K, 8 young (8192K), 8 survivors (8192K)
 Metaspace       used 26207K, committed 26496K, reserved 1114112K
  class space    used 3014K, committed 3136K, reserved 1048576K
}
Event: 30.275 GC heap before
{Heap before GC invocations=8 (full 0):
 garbage-first heap   total 115712K, used 52440K [0x0000000084600000, 0x0000000100000000)
  region size 1024K, 9 young (9216K), 8 survivors (8192K)
 Metaspace       used 26322K, committed 26688K, reserved 1114112K
  class space    used 3027K, committed 3200K, reserved 1048576K
}
Event: 30.288 GC heap after
{Heap after GC invocations=9 (full 0):
 garbage-first heap   total 115712K, used 52736K [0x0000000084600000, 0x0000000100000000)
  region size 1024K, 1 young (1024K), 1 survivors (1024K)
 Metaspace       used 26322K, committed 26688K, reserved 1114112K
  class space    used 3027K, committed 3200K, reserved 1048576K
}

